2026-06-24 10:00:00 - INFO - Application started
2026-06-24 10:00:00 - INFO - Loaded 5 employees from employees.csv
2026-06-24 10:00:00 - INFO - Report generated successfully
2026-06-24 10:00:00 - INFO - Application exited

2026-06-24 10:05:00 - INFO - Application started
2026-06-24 10:05:00 - INFO - Loaded 5 employees from employees.csv
2026-06-24 10:05:00 - INFO - Report generated successfully
2026-06-24 10:05:00 - INFO - Application exited
2026-06-24 23:04:55,889 - INFO - Application started
2026-06-24 23:04:55,890 - ERROR - File not found: employees.csv
2026-06-24 23:04:55,891 - WARNING - No employee data available for report generation.
2026-06-24 23:04:55,891 - INFO - Application exited
2026-06-24 23:10:50,481 - INFO - Application started
2026-06-24 23:10:50,482 - ERROR - File not found: employees.csv
2026-06-24 23:10:50,483 - WARNING - No employee data available for report generation.
2026-06-24 23:10:50,483 - INFO - Application exited
2026-06-24 23:13:32,060 - INFO - Application started
2026-06-24 23:13:32,063 - INFO - Loaded 5 employees from employees.csv
2026-06-24 23:13:32,075 - INFO - Report generated successfully
2026-06-24 23:13:32,075 - INFO - Application exited
2026-06-24 23:30:08,530 - INFO - Application started
2026-06-24 23:30:08,532 - INFO - Loaded 5 employees from employees.csv
2026-06-24 23:30:08,534 - INFO - Report generated successfully
2026-06-24 23:30:08,535 - INFO - Application exited
